<?xml version="1.0" encoding="UTF-8"?>
<testsuite name="ui.tests.LoginTest" tests="1" skipped="0" failures="0" errors="0" timestamp="2025-08-17T15:36:49" hostname="DESKTOP-L8REEOD" time="76.782">
  <properties/>
  <testcase name="successfulLoginTest()" classname="ui.tests.LoginTest" time="76.782"/>
  <system-out><![CDATA[]]></system-out>
  <system-err><![CDATA[авг. 17, 2025 8:37:38 PM org.openqa.selenium.devtools.CdpVersionFinder findNearestMatch
WARNING: Unable to find CDP implementation matching 139
авг. 17, 2025 8:37:38 PM org.openqa.selenium.chromium.ChromiumDriver lambda$new$5
WARNING: Unable to find version of CDP to use for 139.0.7258.128. You may need to include a dependency on a specific version of the CDP using something similar to `org.seleniumhq.selenium:selenium-devtools-v86:4.23.0` where the version ("v86") matches the version of the chromium-based browser you're using and the version number of the artifact is the same as Selenium's.
]]></system-err>
</testsuite>
